<?xml version='1.0' encoding='UTF-8'?>
<testsuite hostname="UKC02H71ZPQ6LT" name="MainSpec" tests="1" errors="0" failures="0" skipped="0" time="0.05" timestamp="2022-06-21T16:21:41">
          <properties>
      <property name="jline.esc.timeout" value="0"/><property name="jna.platform.library.path" value="/usr/lib:/usr/lib"/><property name="java.runtime.name" value="OpenJDK Runtime Environment"/><property name="sun.boot.library.path" value="/Library/Java/JavaVirtualMachines/adoptopenjdk-8.jdk/Contents/Home/jre/lib"/><property name="java.vm.version" value="25.292-b10"/><property name="gopherProxySet" value="false"/><property name="java.vm.vendor" value="AdoptOpenJDK"/><property name="java.vendor.url" value="https://adoptopenjdk.net/"/><property name="path.separator" value=":"/><property name="jna.loaded" value="true"/><property name="java.vm.name" value="OpenJDK 64-Bit Server VM"/><property name="file.encoding.pkg" value="sun.io"/><property name="user.country" value="GB"/><property name="sun.java.launcher" value="SUN_STANDARD"/><property name="sun.os.patch.level" value="unknown"/><property name="jna.nosys" value="true"/><property name="java.vm.specification.name" value="Java Virtual Machine Specification"/><property name="user.dir" value="/Users/Nathan.Johnstone/Documents/GitHub/pods-tdd"/><property name="java.runtime.version" value="1.8.0_292-b10"/><property name="java.awt.graphicsenv" value="sun.awt.CGraphicsEnvironment"/><property name="java.endorsed.dirs" value="/Library/Java/JavaVirtualMachines/adoptopenjdk-8.jdk/Contents/Home/jre/lib/endorsed"/><property name="os.arch" value="x86_64"/><property name="java.io.tmpdir" value="/var/folders/8w/127ht5616klb9y1hqnbr70lr0000gq/T/"/><property name="line.separator" value="
"/><property name="java.vm.specification.vendor" value="Oracle Corporation"/><property name="log4j.ignoreTCL" value="true"/><property name="os.name" value="Mac OS X"/><property name="sun.jnu.encoding" value="UTF-8"/><property name="jnidispatch.path" value="/Users/Nathan.Johnstone/Library/Caches/JNA/temp/jna8888538725575164962.tmp"/><property name="java.library.path" value="/Users/Nathan.Johnstone/Library/Java/Extensions:/Library/Java/Extensions:/Network/Library/Java/Extensions:/System/Library/Java/Extensions:/usr/lib/java:."/><property name="java.specification.name" value="Java Platform API Specification"/><property name="java.class.version" value="52.0"/><property name="sun.management.compiler" value="HotSpot 64-Bit Tiered Compilers"/><property name="os.version" value="10.16"/><property name="swoval.tmpdir" value="/Users/Nathan.Johnstone/.sbt/1.0"/><property name="user.home" value="/Users/Nathan.Johnstone"/><property name="user.timezone" value="Europe/London"/><property name="java.awt.printerjob" value="sun.lwawt.macosx.CPrinterJob"/><property name="file.encoding" value="UTF-8"/><property name="java.specification.version" value="1.8"/><property name="java.class.path" value="/Users/Nathan.Johnstone/Library/Caches/Coursier/arc/https/github.com/sbt/sbt/releases/download/v1.6.2/sbt-1.6.2.zip/sbt/bin/sbt-launch.jar"/><property name="user.name" value="Nathan.Johnstone"/><property name="jline.shutdownhook" value="false"/><property name="java.vm.specification.version" value="1.8"/><property name="sun.java.command" value="/Users/Nathan.Johnstone/Library/Caches/Coursier/arc/https/github.com/sbt/sbt/releases/download/v1.6.2/sbt-1.6.2.zip/sbt/bin/sbt-launch.jar test"/><property name="java.home" value="/Library/Java/JavaVirtualMachines/adoptopenjdk-8.jdk/Contents/Home/jre"/><property name="sun.arch.data.model" value="64"/><property name="user.language" value="en"/><property name="java.specification.vendor" value="Oracle Corporation"/><property name="awt.toolkit" value="sun.lwawt.macosx.LWCToolkit"/><property name="java.vm.info" value="mixed mode"/><property name="java.version" value="1.8.0_292"/><property name="java.ext.dirs" value="/Users/Nathan.Johnstone/Library/Java/Extensions:/Library/Java/JavaVirtualMachines/adoptopenjdk-8.jdk/Contents/Home/jre/lib/ext:/Library/Java/Extensions:/Network/Library/Java/Extensions:/System/Library/Java/Extensions:/usr/lib/java"/><property name="sun.boot.class.path" value="/Library/Java/JavaVirtualMachines/adoptopenjdk-8.jdk/Contents/Home/jre/lib/resources.jar:/Library/Java/JavaVirtualMachines/adoptopenjdk-8.jdk/Contents/Home/jre/lib/rt.jar:/Library/Java/JavaVirtualMachines/adoptopenjdk-8.jdk/Contents/Home/jre/lib/sunrsasign.jar:/Library/Java/JavaVirtualMachines/adoptopenjdk-8.jdk/Contents/Home/jre/lib/jsse.jar:/Library/Java/JavaVirtualMachines/adoptopenjdk-8.jdk/Contents/Home/jre/lib/jce.jar:/Library/Java/JavaVirtualMachines/adoptopenjdk-8.jdk/Contents/Home/jre/lib/charsets.jar:/Library/Java/JavaVirtualMachines/adoptopenjdk-8.jdk/Contents/Home/jre/lib/jfr.jar:/Library/Java/JavaVirtualMachines/adoptopenjdk-8.jdk/Contents/Home/jre/classes"/><property name="java.vendor" value="AdoptOpenJDK"/><property name="file.separator" value="/"/><property name="java.vendor.url.bug" value="https://github.com/AdoptOpenJDK/openjdk-support/issues"/><property name="sun.io.unicode.encoding" value="UnicodeBig"/><property name="sun.cpu.endian" value="little"/><property name="sbt.script" value="/Users/Nathan.Johnstone/Library/Caches/Coursier/arc/https/github.com/sbt/sbt/releases/download/v1.6.2/sbt-1.6.2.zip/sbt/bin/sbt"/><property name="sun.cpu.isalist" value=""/>
    </properties>
          <testcase classname="MainSpec" name="Give me the same number I put in" time="0.05">
                      
                    </testcase>
          <system-out><![CDATA[]]></system-out>
          <system-err><![CDATA[]]></system-err>
        </testsuite>