<?xml version='1.0' encoding='UTF-8'?>
<testsuite hostname="UKC02H71ZPQ6LT" name="MainSpec" tests="1" errors="0" failures="0" skipped="0" time="0.012" timestamp="2022-06-08T12:08:51">
          <properties>
      <property name="jline.esc.timeout" value="0"/><property name="java.runtime.name" value="OpenJDK Runtime Environment"/><property name="sun.boot.library.path" value="/Users/Nathan.Johnstone/Library/Java/JavaVirtualMachines/liberica-1.8.0_322/jre/lib"/><property name="java.vm.version" value="25.322-b06"/><property name="gopherProxySet" value="false"/><property name="java.vm.vendor" value="BellSoft"/><property name="java.vendor.url" value="https://bell-sw.com/"/><property name="path.separator" value=":"/><property name="java.vm.name" value="OpenJDK 64-Bit Server VM"/><property name="file.encoding.pkg" value="sun.io"/><property name="user.country" value="GB"/><property name="sun.java.launcher" value="SUN_STANDARD"/><property name="sun.os.patch.level" value="unknown"/><property name="jna.nosys" value="true"/><property name="java.vm.specification.name" value="Java Virtual Machine Specification"/><property name="user.dir" value="/Users/Nathan.Johnstone/Documents/GitHub/pods-tdd/pods-tdd-proj"/><property name="java.runtime.version" value="1.8.0_322-b06"/><property name="java.awt.graphicsenv" value="sun.awt.CGraphicsEnvironment"/><property name="idea.managed" value="true"/><property name="java.endorsed.dirs" value="/Users/Nathan.Johnstone/Library/Java/JavaVirtualMachines/liberica-1.8.0_322/jre/lib/endorsed"/><property name="os.arch" value="aarch64"/><property name="java.io.tmpdir" value="/var/folders/8w/127ht5616klb9y1hqnbr70lr0000gq/T/"/><property name="line.separator" value="
"/><property name="java.vm.specification.vendor" value="Oracle Corporation"/><property name="log4j.ignoreTCL" value="true"/><property name="os.name" value="Mac OS X"/><property name="sun.jnu.encoding" value="UTF-8"/><property name="java.library.path" value="/Users/Nathan.Johnstone/Library/Java/Extensions:/Library/Java/Extensions:/Network/Library/Java/Extensions:/System/Library/Java/Extensions:/usr/lib/java:."/><property name="java.specification.name" value="Java Platform API Specification"/><property name="java.class.version" value="52.0"/><property name="sun.management.compiler" value="HotSpot 64-Bit Tiered Compilers"/><property name="os.version" value="12.2"/><property name="swoval.tmpdir" value="/Users/Nathan.Johnstone/.sbt/1.0"/><property name="user.home" value="/Users/Nathan.Johnstone"/><property name="user.timezone" value="Europe/London"/><property name="java.awt.printerjob" value="sun.lwawt.macosx.CPrinterJob"/><property name="idea.installation.dir" value="/Applications/IntelliJ IDEA CE.app/Contents"/><property name="file.encoding" value="UTF-8"/><property name="java.specification.version" value="1.8"/><property name="java.class.path" value="/Users/Nathan.Johnstone/Library/Application Support/JetBrains/IdeaIC2022.1/plugins/Scala/launcher/sbt-launch.jar"/><property name="user.name" value="Nathan.Johnstone"/><property name="jline.shutdownhook" value="false"/><property name="java.vm.specification.version" value="1.8"/><property name="sun.java.command" value="/Users/Nathan.Johnstone/Library/Application Support/JetBrains/IdeaIC2022.1/plugins/Scala/launcher/sbt-launch.jar early(addPluginSbtFile=&quot;&quot;&quot;/private/var/folders/8w/127ht5616klb9y1hqnbr70lr0000gq/T/idea2.sbt&quot;&quot;&quot;) ; set ideaPort in Global := 57992 ; idea-shell"/><property name="java.home" value="/Users/Nathan.Johnstone/Library/Java/JavaVirtualMachines/liberica-1.8.0_322/jre"/><property name="sun.arch.data.model" value="64"/><property name="user.language" value="en"/><property name="java.specification.vendor" value="Oracle Corporation"/><property name="awt.toolkit" value="sun.lwawt.macosx.LWCToolkit"/><property name="java.vm.info" value="mixed mode"/><property name="java.version" value="1.8.0_322"/><property name="java.ext.dirs" value="/Users/Nathan.Johnstone/Library/Java/Extensions:/Users/Nathan.Johnstone/Library/Java/JavaVirtualMachines/liberica-1.8.0_322/jre/lib/ext:/Library/Java/Extensions:/Network/Library/Java/Extensions:/System/Library/Java/Extensions:/usr/lib/java"/><property name="sun.boot.class.path" value="/Users/Nathan.Johnstone/Library/Java/JavaVirtualMachines/liberica-1.8.0_322/jre/lib/resources.jar:/Users/Nathan.Johnstone/Library/Java/JavaVirtualMachines/liberica-1.8.0_322/jre/lib/rt.jar:/Users/Nathan.Johnstone/Library/Java/JavaVirtualMachines/liberica-1.8.0_322/jre/lib/sunrsasign.jar:/Users/Nathan.Johnstone/Library/Java/JavaVirtualMachines/liberica-1.8.0_322/jre/lib/jsse.jar:/Users/Nathan.Johnstone/Library/Java/JavaVirtualMachines/liberica-1.8.0_322/jre/lib/jce.jar:/Users/Nathan.Johnstone/Library/Java/JavaVirtualMachines/liberica-1.8.0_322/jre/lib/charsets.jar:/Users/Nathan.Johnstone/Library/Java/JavaVirtualMachines/liberica-1.8.0_322/jre/lib/jfr.jar:/Users/Nathan.Johnstone/Library/Java/JavaVirtualMachines/liberica-1.8.0_322/jre/classes"/><property name="java.vendor" value="BellSoft"/><property name="file.separator" value="/"/><property name="java.vendor.url.bug" value="https://bell-sw.com/support"/><property name="sbt.supershell" value="false"/><property name="sun.io.unicode.encoding" value="UnicodeBig"/><property name="sun.cpu.endian" value="little"/><property name="sun.cpu.isalist" value=""/>
    </properties>
          <testcase classname="MainSpec" name="Give me the same number I put in" time="0.012">
                      
                    </testcase>
          <system-out><![CDATA[]]></system-out>
          <system-err><![CDATA[]]></system-err>
        </testsuite>